[0811/235713.594:ERROR:process_reader_win.cc(123)] NtOpenThread: {Accès refusé} Un processus a demandé l’accès a un objet, mais il ne bénéficie pas des autorisations nécessaires. (0xc0000022)
[0811/235713.595:ERROR:exception_snapshot_win.cc(98)] thread ID 18400 not found in process
[0811/235713.596:ERROR:process_reader_win.cc(123)] NtOpenThread: {Accès refusé} Un processus a demandé l’accès a un objet, mais il ne bénéficie pas des autorisations nécessaires. (0xc0000022)
[0811/235713.596:ERROR:exception_snapshot_win.cc(98)] thread ID 20848 not found in process
[0811/235713.623:ERROR:process_reader_win.cc(123)] NtOpenThread: {Accès refusé} Un processus a demandé l’accès a un objet, mais il ne bénéficie pas des autorisations nécessaires. (0xc0000022)
[0811/235713.623:ERROR:process_reader_win.cc(123)] NtOpenThread: {Accès refusé} Un processus a demandé l’accès a un objet, mais il ne bénéficie pas des autorisations nécessaires. (0xc0000022)
[0811/235713.624:ERROR:exception_snapshot_win.cc(98)] thread ID 17912 not found in process
[0811/235713.624:ERROR:exception_snapshot_win.cc(98)] thread ID 16820 not found in process
[0811/235926.137:ERROR:process_reader_win.cc(123)] NtOpenThread: {Accès refusé} Un processus a demandé l’accès a un objet, mais il ne bénéficie pas des autorisations nécessaires. (0xc0000022)
[0811/235926.138:ERROR:exception_snapshot_win.cc(98)] thread ID 9156 not found in process
[0811/235926.140:ERROR:process_reader_win.cc(123)] NtOpenThread: {Accès refusé} Un processus a demandé l’accès a un objet, mais il ne bénéficie pas des autorisations nécessaires. (0xc0000022)
[0811/235926.141:ERROR:exception_snapshot_win.cc(98)] thread ID 20436 not found in process
[0811/235926.164:ERROR:process_reader_win.cc(123)] NtOpenThread: {Accès refusé} Un processus a demandé l’accès a un objet, mais il ne bénéficie pas des autorisations nécessaires. (0xc0000022)
[0811/235926.164:ERROR:exception_snapshot_win.cc(98)] thread ID 15392 not found in process
[0811/235926.164:ERROR:process_reader_win.cc(123)] NtOpenThread: {Accès refusé} Un processus a demandé l’accès a un objet, mais il ne bénéficie pas des autorisations nécessaires. (0xc0000022)
[0811/235926.164:ERROR:exception_snapshot_win.cc(98)] thread ID 11568 not found in process
[0812/000005.362:ERROR:process_reader_win.cc(123)] NtOpenThread: {Accès refusé} Un processus a demandé l’accès a un objet, mais il ne bénéficie pas des autorisations nécessaires. (0xc0000022)
[0812/000005.362:ERROR:exception_snapshot_win.cc(98)] thread ID 19696 not found in process
[0812/000005.374:ERROR:process_reader_win.cc(123)] NtOpenThread: {Accès refusé} Un processus a demandé l’accès a un objet, mais il ne bénéficie pas des autorisations nécessaires. (0xc0000022)
[0812/000005.374:ERROR:exception_snapshot_win.cc(98)] thread ID 12052 not found in process
[0812/000540.983:ERROR:process_reader_win.cc(123)] NtOpenThread: {Accès refusé} Un processus a demandé l’accès a un objet, mais il ne bénéficie pas des autorisations nécessaires. (0xc0000022)
[0812/000540.984:ERROR:exception_snapshot_win.cc(98)] thread ID 21276 not found in process
[0812/000540.985:ERROR:process_reader_win.cc(123)] NtOpenThread: {Accès refusé} Un processus a demandé l’accès a un objet, mais il ne bénéficie pas des autorisations nécessaires. (0xc0000022)
[0812/000540.985:ERROR:exception_snapshot_win.cc(98)] thread ID 13708 not found in process
[0812/000540.996:ERROR:process_reader_win.cc(123)] NtOpenThread: {Accès refusé} Un processus a demandé l’accès a un objet, mais il ne bénéficie pas des autorisations nécessaires. (0xc0000022)
[0812/000540.996:ERROR:exception_snapshot_win.cc(98)] thread ID 20288 not found in process
[0812/000621.767:ERROR:process_reader_win.cc(123)] NtOpenThread: {Accès refusé} Un processus a demandé l’accès a un objet, mais il ne bénéficie pas des autorisations nécessaires. (0xc0000022)
[0812/000621.768:ERROR:exception_snapshot_win.cc(98)] thread ID 16712 not found in process
[0812/000621.778:ERROR:process_reader_win.cc(123)] NtOpenThread: {Accès refusé} Un processus a demandé l’accès a un objet, mais il ne bénéficie pas des autorisations nécessaires. (0xc0000022)
[0812/000621.778:ERROR:exception_snapshot_win.cc(98)] thread ID 13588 not found in process
[0812/005328.138:ERROR:process_reader_win.cc(123)] NtOpenThread: {Accès refusé} Un processus a demandé l’accès a un objet, mais il ne bénéficie pas des autorisations nécessaires. (0xc0000022)
[0812/005328.139:ERROR:exception_snapshot_win.cc(98)] thread ID 16756 not found in process
[0812/005328.149:ERROR:process_reader_win.cc(123)] NtOpenThread: {Accès refusé} Un processus a demandé l’accès a un objet, mais il ne bénéficie pas des autorisations nécessaires. (0xc0000022)
[0812/005328.149:ERROR:exception_snapshot_win.cc(98)] thread ID 9936 not found in process
[0812/005623.956:ERROR:process_reader_win.cc(123)] NtOpenThread: {Accès refusé} Un processus a demandé l’accès a un objet, mais il ne bénéficie pas des autorisations nécessaires. (0xc0000022)
[0812/005623.956:ERROR:process_reader_win.cc(123)] NtOpenThread: {Accès refusé} Un processus a demandé l’accès a un objet, mais il ne bénéficie pas des autorisations nécessaires. (0xc0000022)
[0812/005623.957:ERROR:exception_snapshot_win.cc(98)] thread ID 21460 not found in process
[0812/005623.957:ERROR:exception_snapshot_win.cc(98)] thread ID 17900 not found in process
[0812/005623.980:ERROR:process_reader_win.cc(123)] NtOpenThread: {Accès refusé} Un processus a demandé l’accès a un objet, mais il ne bénéficie pas des autorisations nécessaires. (0xc0000022)
[0812/005623.980:ERROR:process_reader_win.cc(123)] NtOpenThread: {Accès refusé} Un processus a demandé l’accès a un objet, mais il ne bénéficie pas des autorisations nécessaires. (0xc0000022)
[0812/005623.980:ERROR:exception_snapshot_win.cc(98)] thread ID 7616 not found in process
[0812/005623.980:ERROR:exception_snapshot_win.cc(98)] thread ID 14688 not found in process
[0812/005944.008:ERROR:process_reader_win.cc(123)] NtOpenThread: {Accès refusé} Un processus a demandé l’accès a un objet, mais il ne bénéficie pas des autorisations nécessaires. (0xc0000022)
[0812/005944.008:ERROR:exception_snapshot_win.cc(98)] thread ID 14740 not found in process
[0812/005944.027:ERROR:process_reader_win.cc(123)] NtOpenThread: {Accès refusé} Un processus a demandé l’accès a un objet, mais il ne bénéficie pas des autorisations nécessaires. (0xc0000022)
[0812/005944.028:ERROR:exception_snapshot_win.cc(98)] thread ID 14456 not found in process
[0812/023024.027:ERROR:process_reader_win.cc(123)] NtOpenThread: {Accès refusé} Un processus a demandé l’accès a un objet, mais il ne bénéficie pas des autorisations nécessaires. (0xc0000022)
[0812/023024.028:ERROR:exception_snapshot_win.cc(98)] thread ID 20704 not found in process
[0812/023024.028:ERROR:process_reader_win.cc(123)] NtOpenThread: {Accès refusé} Un processus a demandé l’accès a un objet, mais il ne bénéficie pas des autorisations nécessaires. (0xc0000022)
[0812/023024.028:ERROR:exception_snapshot_win.cc(98)] thread ID 17912 not found in process
[0812/023024.045:ERROR:process_reader_win.cc(123)] NtOpenThread: {Accès refusé} Un processus a demandé l’accès a un objet, mais il ne bénéficie pas des autorisations nécessaires. (0xc0000022)
[0812/023024.045:ERROR:process_reader_win.cc(123)] NtOpenThread: {Accès refusé} Un processus a demandé l’accès a un objet, mais il ne bénéficie pas des autorisations nécessaires. (0xc0000022)
[0812/023024.046:ERROR:exception_snapshot_win.cc(98)] thread ID 18008 not found in process
[0812/023024.046:ERROR:exception_snapshot_win.cc(98)] thread ID 17476 not found in process
[0812/023212.071:ERROR:process_reader_win.cc(123)] NtOpenThread: {Accès refusé} Un processus a demandé l’accès a un objet, mais il ne bénéficie pas des autorisations nécessaires. (0xc0000022)
[0812/023212.071:ERROR:exception_snapshot_win.cc(98)] thread ID 19272 not found in process
[0812/023212.082:ERROR:process_reader_win.cc(123)] NtOpenThread: {Accès refusé} Un processus a demandé l’accès a un objet, mais il ne bénéficie pas des autorisations nécessaires. (0xc0000022)
[0812/023212.082:ERROR:exception_snapshot_win.cc(98)] thread ID 17748 not found in process
[0812/024444.482:ERROR:process_reader_win.cc(123)] NtOpenThread: {Accès refusé} Un processus a demandé l’accès a un objet, mais il ne bénéficie pas des autorisations nécessaires. (0xc0000022)
[0812/024444.482:ERROR:exception_snapshot_win.cc(98)] thread ID 16720 not found in process
[0812/024444.482:ERROR:process_reader_win.cc(123)] NtOpenThread: {Accès refusé} Un processus a demandé l’accès a un objet, mais il ne bénéficie pas des autorisations nécessaires. (0xc0000022)
[0812/024444.482:ERROR:exception_snapshot_win.cc(98)] thread ID 12148 not found in process
[0812/024444.500:ERROR:process_reader_win.cc(123)] NtOpenThread: {Accès refusé} Un processus a demandé l’accès a un objet, mais il ne bénéficie pas des autorisations nécessaires. (0xc0000022)
[0812/024444.501:ERROR:exception_snapshot_win.cc(98)] thread ID 20000 not found in process
[0812/024444.500:ERROR:process_reader_win.cc(123)] NtOpenThread: {Accès refusé} Un processus a demandé l’accès a un objet, mais il ne bénéficie pas des autorisations nécessaires. (0xc0000022)
[0812/024444.501:ERROR:exception_snapshot_win.cc(98)] thread ID 17024 not found in process
[0812/025849.491:ERROR:process_reader_win.cc(123)] NtOpenThread: {Accès refusé} Un processus a demandé l’accès a un objet, mais il ne bénéficie pas des autorisations nécessaires. (0xc0000022)
[0812/025849.492:ERROR:exception_snapshot_win.cc(98)] thread ID 9264 not found in process
[0812/025849.532:ERROR:process_reader_win.cc(123)] NtOpenThread: {Accès refusé} Un processus a demandé l’accès a un objet, mais il ne bénéficie pas des autorisations nécessaires. (0xc0000022)
[0812/025849.532:ERROR:exception_snapshot_win.cc(98)] thread ID 20464 not found in process
[0812/025854.513:ERROR:process_info.cc(329)] VirtualQueryEx: Accès refusé. (0x5)
[0812/025854.514:ERROR:process_info.cc(556)] ReadMemoryInfo failed
[0812/025854.514:ERROR:process_memory_win.cc(39)] Failed to initialize ProcessInfo.
[0812/025854.514:ERROR:scoped_process_suspend.cc(40)] NtResumeProcess: Tentative d’accès à un processus en cours d’arrêt. (0xc000010a)
[0812/025854.541:ERROR:process_reader_win.cc(123)] NtOpenThread: {Accès refusé} Un processus a demandé l’accès a un objet, mais il ne bénéficie pas des autorisations nécessaires. (0xc0000022)
[0812/025854.541:ERROR:exception_snapshot_win.cc(98)] thread ID 9740 not found in process
